<?xml version="1.0" encoding="UTF-8"?>
<!-- Generated by org.testng.reporters.JUnitReportReporter -->
<testsuite skipped="0" hostname="DESKTOP-IKIJ6RI" name="TCC_06_responseBody" tests="1" failures="0" timestamp="16 Jul 2020 15:12:59 GMT" time="3.312" errors="0">
  <testcase name="validateJsonResponeBody" time="3.312" classname="TCC_06_responseBody"/>
</testsuite> <!-- TCC_06_responseBody -->
