<?xml version="1.0" encoding="UTF-8"?>
<!-- Generated by org.testng.reporters.JUnitReportReporter -->
<testsuite skipped="0" hostname="DESKTOP-IKIJ6RI" name="API001_Get_Request" tests="1" failures="0" timestamp="16 Jul 2020 14:53:12 GMT" time="2.748" errors="0">
  <testcase name="getweatherDetails" time="2.748" classname="API001_Get_Request"/>
</testsuite> <!-- API001_Get_Request -->
