<?xml version="1.0" encoding="UTF-8"?>
<!-- Generated by org.testng.reporters.JUnitReportReporter -->
<testsuite skipped="0" hostname="DESKTOP-IKIJ6RI" name="dataDrivenTesting.dataDrivenAddNewEmployee" tests="3" failures="0" timestamp="16 Jul 2020 19:22:17 GMT" time="4.933" errors="0">
  <testcase name="postNewEmployee" time="3.695" classname="dataDrivenTesting.dataDrivenAddNewEmployee"/>
  <testcase name="postNewEmployee" time="0.598" classname="dataDrivenTesting.dataDrivenAddNewEmployee"/>
  <testcase name="postNewEmployee" time="0.640" classname="dataDrivenTesting.dataDrivenAddNewEmployee"/>
</testsuite> <!-- dataDrivenTesting.dataDrivenAddNewEmployee -->
