<?xml version="1.0" encoding="UTF-8"?>
<!-- Generated by org.testng.reporters.JUnitReportReporter -->
<testsuite skipped="0" hostname="DESKTOP-IKIJ6RI" name="TCC_005_allHeaders" tests="1" failures="0" timestamp="13 Jul 2020 21:00:56 GMT" time="3.437" errors="0">
  <testcase name="print_allHeaders" time="3.437" classname="TCC_005_allHeaders"/>
</testsuite> <!-- TCC_005_allHeaders -->
