<?xml version="1.0" encoding="UTF-8"?>
<!-- Generated by org.testng.reporters.JUnitReportReporter -->
<testsuite skipped="0" hostname="DESKTOP-IKIJ6RI" name="RestAssuredProjectAPITesting.src.test.java.API001_Get_Request" tests="1" failures="0" timestamp="27 Jul 2020 14:55:45 GMT" time="3.108" errors="0">
  <testcase name="getweatherDetails" time="3.108" classname="RestAssuredProjectAPITesting.src.test.java.API001_Get_Request"/>
</testsuite> <!-- RestAssuredProjectAPITesting.src.test.java.API001_Get_Request -->
