<?xml version="1.0" encoding="UTF-8"?>
<!-- Generated by org.testng.reporters.JUnitReportReporter -->
<testsuite skipped="0" hostname="DESKTOP-IKIJ6RI" name="TCC_04GET_header" tests="1" failures="0" timestamp="16 Jul 2020 15:04:13 GMT" time="3.493" errors="0">
  <testcase name="googleMaps_header" time="3.493" classname="TCC_04GET_header"/>
</testsuite> <!-- TCC_04GET_header -->
